<?xml version="1.0" encoding="UTF-8"?>
<!-- Generated by org.testng.reporters.JUnitReportReporter -->
<testsuite hostname="DESKTOP-0UE9EKQ" failures="0" tests="21" name="testBase.LoginPageTest" time="31.281" errors="0" timestamp="2025-05-15T10:35:47 IST" skipped="0">
  <testcase classname="testBase.LoginPageTest" name="loginTest" time="1.337"/>
  <testcase classname="testBase.LoginPageTest" name="loginTest" time="1.599"/>
  <testcase classname="testBase.LoginPageTest" name="loginTest" time="1.307"/>
  <testcase classname="testBase.LoginPageTest" name="loginTest" time="1.565"/>
  <testcase classname="testBase.LoginPageTest" name="loginTest" time="0.944"/>
  <testcase classname="testBase.LoginPageTest" name="loginTest" time="0.996"/>
  <testcase classname="testBase.LoginPageTest" name="loginTest" time="1.089"/>
  <testcase classname="testBase.LoginPageTest" name="loginTest" time="1.251"/>
  <testcase classname="testBase.LoginPageTest" name="loginTest" time="1.696"/>
  <testcase classname="testBase.LoginPageTest" name="loginTest" time="1.662"/>
  <testcase classname="testBase.LoginPageTest" name="loginTest" time="3.337"/>
  <testcase classname="testBase.LoginPageTest" name="loginTest" time="1.244"/>
  <testcase classname="testBase.LoginPageTest" name="loginTest" time="1.759"/>
  <testcase classname="testBase.LoginPageTest" name="loginTest" time="1.144"/>
  <testcase classname="testBase.LoginPageTest" name="loginTest" time="1.490"/>
  <testcase classname="testBase.LoginPageTest" name="loginTest" time="0.970"/>
  <testcase classname="testBase.LoginPageTest" name="loginTest" time="1.560"/>
  <testcase classname="testBase.LoginPageTest" name="loginTest" time="1.166"/>
  <testcase classname="testBase.LoginPageTest" name="loginTest" time="2.715"/>
  <testcase classname="testBase.LoginPageTest" name="loginTest" time="1.290"/>
  <testcase classname="testBase.LoginPageTest" name="loginTest" time="1.160"/>
</testsuite> <!-- testBase.LoginPageTest -->
