<?xml version="1.0" encoding="UTF-8"?>
<!-- Generated by org.testng.reporters.JUnitReportReporter -->
<testsuite hostname="DESKTOP-0UE9EKQ" failures="0" tests="1" name="E_Commerce.demowebshop.tricentis.com.BaseClass" time="0.079" errors="0" timestamp="2025-05-09T12:08:46 IST" skipped="0">
  <testcase classname="E_Commerce.demowebshop.tricentis.com.BaseClass" name="getThetitle" time="0.079"/>
</testsuite> <!-- E_Commerce.demowebshop.tricentis.com.BaseClass -->
